2024-07-08 23:59:35,309 INFO o.a.j.u.JMeterUtils: Setting Locale to en_EN
2024-07-08 23:59:35,339 INFO o.a.j.JMeter: Loading user properties from: /opt/apache-jmeter-5.5/bin/user.properties
2024-07-08 23:59:35,340 INFO o.a.j.JMeter: Loading system properties from: /opt/apache-jmeter-5.5/bin/system.properties
2024-07-08 23:59:35,341 INFO o.a.j.JMeter: Setting System property: log4j2.formatMsgNoLookups=true
2024-07-08 23:59:35,359 INFO o.a.j.JMeter: Copyright (c) 1998-2022 The Apache Software Foundation
2024-07-08 23:59:35,359 INFO o.a.j.JMeter: Version 5.5
2024-07-08 23:59:35,359 INFO o.a.j.JMeter: java.version=1.8.0_275
2024-07-08 23:59:35,360 INFO o.a.j.JMeter: java.vm.name=OpenJDK 64-Bit Server VM
2024-07-08 23:59:35,360 INFO o.a.j.JMeter: os.name=Linux
2024-07-08 23:59:35,360 INFO o.a.j.JMeter: os.arch=amd64
2024-07-08 23:59:35,360 INFO o.a.j.JMeter: os.version=6.6.22-linuxkit
2024-07-08 23:59:35,360 INFO o.a.j.JMeter: file.encoding=UTF-8
2024-07-08 23:59:35,361 INFO o.a.j.JMeter: java.awt.headless=true
2024-07-08 23:59:35,361 INFO o.a.j.JMeter: Max memory     =2759852032
2024-07-08 23:59:35,361 INFO o.a.j.JMeter: Available Processors =8
2024-07-08 23:59:35,368 INFO o.a.j.JMeter: Default Locale=English (EN)
2024-07-08 23:59:35,369 INFO o.a.j.JMeter: JMeter  Locale=English (EN)
2024-07-08 23:59:35,369 INFO o.a.j.JMeter: JMeterHome=/opt/apache-jmeter-5.5
2024-07-08 23:59:35,369 INFO o.a.j.JMeter: user.dir  =/jmeter
2024-07-08 23:59:35,370 INFO o.a.j.JMeter: PWD       =/jmeter
2024-07-08 23:59:35,371 INFO o.a.j.JMeter: IP: 172.17.0.3 Name: 8024561c5691 FullName: 8024561c5691
2024-07-08 23:59:35,415 INFO o.a.j.JMeter: Setting property 'jmeter.reportgenerator.outputdir' to:'/jmeter/output'
2024-07-08 23:59:35,416 ERROR o.a.j.JMeter: An error occurred: 
org.apache.jmeter.report.config.ConfigurationException: The file /jmeter/test_plan.jmx doesn't exist or can't be opened
	at org.apache.jmeter.JMeter.runNonGui(JMeter.java:927) ~[ApacheJMeter_core.jar:5.5]
	at org.apache.jmeter.JMeter.startNonGui(JMeter.java:917) ~[ApacheJMeter_core.jar:5.5]
	at org.apache.jmeter.JMeter.start(JMeter.java:485) ~[ApacheJMeter_core.jar:5.5]
	at sun.reflect.NativeMethodAccessorImpl.invoke0(Native Method) ~[?:1.8.0_275]
	at sun.reflect.NativeMethodAccessorImpl.invoke(NativeMethodAccessorImpl.java:62) ~[?:1.8.0_275]
	at sun.reflect.DelegatingMethodAccessorImpl.invoke(DelegatingMethodAccessorImpl.java:43) ~[?:1.8.0_275]
	at java.lang.reflect.Method.invoke(Method.java:498) ~[?:1.8.0_275]
	at org.apache.jmeter.NewDriver.main(NewDriver.java:259) ~[ApacheJMeter.jar:5.5]
